<?xml version="1.0" encoding="UTF-8"?>
<testng-results ignored="0" total="4" passed="4" failed="0" skipped="0">
  <reporter-output>
  </reporter-output>
  <suite started-at="2021-11-01T11:06:02 IST" name="Suite" finished-at="2021-11-01T11:06:27 IST" duration-ms="25277">
    <groups>
    </groups>
    <test started-at="2021-11-01T11:06:02 IST" name="Test" finished-at="2021-11-01T11:06:27 IST" duration-ms="25277">
      <class name="org.letcode.test.TC001Login">
        <test-method is-config="true" signature="setData()[pri:0, instance:org.letcode.test.TC001Login@206a70ef]" started-at="2021-11-01T11:06:02 IST" name="setData" finished-at="2021-11-01T11:06:02 IST" duration-ms="16" status="PASS">
          <reporter-output>
          </reporter-output>
        </test-method> <!-- setData -->
        <test-method is-config="true" signature="startApp()[pri:0, instance:org.letcode.test.TC001Login@206a70ef]" started-at="2021-11-01T11:06:03 IST" name="startApp" finished-at="2021-11-01T11:06:13 IST" duration-ms="10016" status="PASS">
          <reporter-output>
          </reporter-output>
        </test-method> <!-- startApp -->
        <test-method signature="loginTest([Ljava.lang.String;)[pri:0, instance:org.letcode.test.TC001Login@206a70ef]" started-at="2021-11-01T11:06:13 IST" name="loginTest" data-provider="data" finished-at="2021-11-01T11:06:14 IST" duration-ms="761" status="PASS">
          <params>
            <param index="0">
              <value>
                <![CDATA[[Ljava.lang.String;@ba54932]]>
              </value>
            </param>
          </params>
          <reporter-output>
          </reporter-output>
        </test-method> <!-- loginTest -->
        <test-method is-config="true" signature="closeApp()[pri:0, instance:org.letcode.test.TC001Login@206a70ef]" started-at="2021-11-01T11:06:14 IST" name="closeApp" finished-at="2021-11-01T11:06:16 IST" duration-ms="1421" status="PASS">
          <reporter-output>
          </reporter-output>
        </test-method> <!-- closeApp -->
        <test-method is-config="true" signature="startApp()[pri:0, instance:org.letcode.test.TC001Login@206a70ef]" started-at="2021-11-01T11:06:16 IST" name="startApp" finished-at="2021-11-01T11:06:25 IST" duration-ms="9555" status="PASS">
          <reporter-output>
          </reporter-output>
        </test-method> <!-- startApp -->
        <test-method signature="loginTest([Ljava.lang.String;)[pri:0, instance:org.letcode.test.TC001Login@206a70ef]" started-at="2021-11-01T11:06:25 IST" name="loginTest" data-provider="data" finished-at="2021-11-01T11:06:26 IST" duration-ms="825" status="PASS">
          <params>
            <param index="0">
              <value>
                <![CDATA[[Ljava.lang.String;@574b560f]]>
              </value>
            </param>
          </params>
          <reporter-output>
          </reporter-output>
        </test-method> <!-- loginTest -->
        <test-method is-config="true" signature="closeApp()[pri:0, instance:org.letcode.test.TC001Login@206a70ef]" started-at="2021-11-01T11:06:26 IST" name="closeApp" finished-at="2021-11-01T11:06:27 IST" duration-ms="1424" status="PASS">
          <reporter-output>
          </reporter-output>
        </test-method> <!-- closeApp -->
      </class> <!-- org.letcode.test.TC001Login -->
      <class name="org.letcode.test.TC002Login">
        <test-method is-config="true" signature="setData()[pri:0, instance:org.letcode.test.TC002Login@776aec5c]" started-at="2021-11-01T11:06:02 IST" name="setData" finished-at="2021-11-01T11:06:02 IST" duration-ms="1" status="PASS">
          <reporter-output>
          </reporter-output>
        </test-method> <!-- setData -->
        <test-method is-config="true" signature="startApp()[pri:0, instance:org.letcode.test.TC002Login@776aec5c]" started-at="2021-11-01T11:06:03 IST" name="startApp" finished-at="2021-11-01T11:06:13 IST" duration-ms="10050" status="PASS">
          <reporter-output>
          </reporter-output>
        </test-method> <!-- startApp -->
        <test-method signature="loginTest2([Ljava.lang.String;)[pri:0, instance:org.letcode.test.TC002Login@776aec5c]" started-at="2021-11-01T11:06:13 IST" name="loginTest2" data-provider="data" finished-at="2021-11-01T11:06:14 IST" duration-ms="903" status="PASS">
          <params>
            <param index="0">
              <value>
                <![CDATA[[Ljava.lang.String;@28975c28]]>
              </value>
            </param>
          </params>
          <reporter-output>
          </reporter-output>
        </test-method> <!-- loginTest2 -->
        <test-method is-config="true" signature="closeApp()[pri:0, instance:org.letcode.test.TC002Login@776aec5c]" started-at="2021-11-01T11:06:14 IST" name="closeApp" finished-at="2021-11-01T11:06:16 IST" duration-ms="1491" status="PASS">
          <reporter-output>
          </reporter-output>
        </test-method> <!-- closeApp -->
        <test-method is-config="true" signature="startApp()[pri:0, instance:org.letcode.test.TC002Login@776aec5c]" started-at="2021-11-01T11:06:16 IST" name="startApp" finished-at="2021-11-01T11:06:25 IST" duration-ms="9175" status="PASS">
          <reporter-output>
          </reporter-output>
        </test-method> <!-- startApp -->
        <test-method signature="loginTest2([Ljava.lang.String;)[pri:0, instance:org.letcode.test.TC002Login@776aec5c]" started-at="2021-11-01T11:06:25 IST" name="loginTest2" data-provider="data" finished-at="2021-11-01T11:06:26 IST" duration-ms="887" status="PASS">
          <params>
            <param index="0">
              <value>
                <![CDATA[[Ljava.lang.String;@36b4fe2a]]>
              </value>
            </param>
          </params>
          <reporter-output>
          </reporter-output>
        </test-method> <!-- loginTest2 -->
        <test-method is-config="true" signature="closeApp()[pri:0, instance:org.letcode.test.TC002Login@776aec5c]" started-at="2021-11-01T11:06:26 IST" name="closeApp" finished-at="2021-11-01T11:06:27 IST" duration-ms="1002" status="PASS">
          <reporter-output>
          </reporter-output>
        </test-method> <!-- closeApp -->
      </class> <!-- org.letcode.test.TC002Login -->
    </test> <!-- Test -->
  </suite> <!-- Suite -->
</testng-results>
