<?xml version="1.0" encoding="UTF-8"?>
<testng-results ignored="0" total="1" passed="1" failed="0" skipped="0">
  <reporter-output>
  </reporter-output>
  <suite started-at="2022-03-12T13:16:36 IST" name="Suite" finished-at="2022-03-12T13:17:42 IST" duration-ms="66834">
    <groups>
    </groups>
    <test started-at="2022-03-12T13:16:36 IST" name="Test" finished-at="2022-03-12T13:17:42 IST" duration-ms="66834">
      <class name="testCases.RegisterStudentTest">
        <test-method signature="dataDiven()[pri:0, instance:testCases.RegisterStudentTest@16d04d3d]" started-at="2022-03-12T13:16:36 IST" name="dataDiven" finished-at="2022-03-12T13:17:42 IST" duration-ms="66668" status="PASS">
          <reporter-output>
          </reporter-output>
        </test-method> <!-- dataDiven -->
      </class> <!-- testCases.RegisterStudentTest -->
    </test> <!-- Test -->
  </suite> <!-- Suite -->
</testng-results>
