<?xml version="1.0" encoding="UTF-8"?>
<!-- Generated by org.testng.reporters.JUnitXMLReporter -->
<testsuite ignored="0" hostname="DESKTOP-H369NVH" failures="0" tests="4" name="Test" time="25.277" errors="0" timestamp="2021-11-01T11:06:27 IST">
  <testcase classname="org.letcode.test.TC001Login" name="loginTest" time="0.761"/>
  <testcase classname="org.letcode.test.TC002Login" name="loginTest2" time="0.903"/>
  <testcase classname="org.letcode.test.TC002Login" name="loginTest2" time="0.887"/>
  <testcase classname="org.letcode.test.TC001Login" name="loginTest" time="0.825"/>
</testsuite> <!-- Test -->
